<?xml version="1.0" encoding="UTF-8"?>
<testsuite xmlns:xsi="http://www.w3.org/2001/XMLSchema-instance" xsi:noNamespaceSchemaLocation="https://maven.apache.org/surefire/maven-surefire-plugin/xsd/surefire-test-report.xsd" name="com.tanzu.streaming.runtime.udf.gaming.user.score.GamingUserScoreApplicationTests" time="2.627" tests="1" errors="0" skipped="0" failures="0">
  <properties>
    <property name="gopherProxySet" value="false"/>
    <property name="awt.toolkit" value="sun.lwawt.macosx.LWCToolkit"/>
    <property name="java.specification.version" value="11"/>
    <property name="sun.cpu.isalist" value=""/>
    <property name="sun.jnu.encoding" value="UTF-8"/>
    <property name="java.class.path" value="/Users/ctzolov/Dev/projects/tanzu/streaming-runtimes/user-defined-functions/gaming-user-score/target/test-classes:/Users/ctzolov/Dev/projects/tanzu/streaming-runtimes/user-defined-functions/gaming-user-score/target/classes:/Users/ctzolov/.m2/repository/com/tanzu/streaming/runtime/processor/common/sr-common/0.0.1-SNAPSHOT/sr-common-0.0.1-SNAPSHOT.jar:/Users/ctzolov/.m2/repository/com/google/protobuf/protobuf-java/3.21.1/protobuf-java-3.21.1.jar:/Users/ctzolov/.m2/repository/org/apache/avro/avro/1.11.0/avro-1.11.0.jar:/Users/ctzolov/.m2/repository/com/fasterxml/jackson/core/jackson-core/2.13.3/jackson-core-2.13.3.jar:/Users/ctzolov/.m2/repository/org/apache/commons/commons-compress/1.21/commons-compress-1.21.jar:/Users/ctzolov/.m2/repository/org/slf4j/slf4j-api/1.7.36/slf4j-api-1.7.36.jar:/Users/ctzolov/.m2/repository/org/apache/kafka/kafka-clients/3.1.1/kafka-clients-3.1.1.jar:/Users/ctzolov/.m2/repository/com/github/luben/zstd-jni/1.5.0-4/zstd-jni-1.5.0-4.jar:/Users/ctzolov/.m2/repository/org/lz4/lz4-java/1.8.0/lz4-java-1.8.0.jar:/Users/ctzolov/.m2/repository/org/xerial/snappy/snappy-java/1.1.8.4/snappy-java-1.1.8.4.jar:/Users/ctzolov/.m2/repository/org/springframework/spring-messaging/5.3.21/spring-messaging-5.3.21.jar:/Users/ctzolov/.m2/repository/org/springframework/spring-beans/5.3.21/spring-beans-5.3.21.jar:/Users/ctzolov/.m2/repository/io/confluent/kafka-streams-avro-serde/5.3.2/kafka-streams-avro-serde-5.3.2.jar:/Users/ctzolov/.m2/repository/io/confluent/kafka-avro-serializer/5.3.2/kafka-avro-serializer-5.3.2.jar:/Users/ctzolov/.m2/repository/io/confluent/common-config/5.3.2/common-config-5.3.2.jar:/Users/ctzolov/.m2/repository/io/confluent/kafka-schema-registry-client/5.3.2/kafka-schema-registry-client-5.3.2.jar:/Users/ctzolov/.m2/repository/io/confluent/common-utils/5.3.2/common-utils-5.3.2.jar:/Users/ctzolov/.m2/repository/org/apache/zookeeper/zookeeper/3.4.14/zookeeper-3.4.14.jar:/Users/ctzolov/.m2/repository/com/github/spotbugs/spotbugs-annotations/3.1.9/spotbugs-annotations-3.1.9.jar:/Users/ctzolov/.m2/repository/jline/jline/0.9.94/jline-0.9.94.jar:/Users/ctzolov/.m2/repository/org/apache/yetus/audience-annotations/0.5.0/audience-annotations-0.5.0.jar:/Users/ctzolov/.m2/repository/io/netty/netty/3.10.6.Final/netty-3.10.6.Final.jar:/Users/ctzolov/.m2/repository/com/101tec/zkclient/0.10/zkclient-0.10.jar:/Users/ctzolov/.m2/repository/org/springframework/cloud/spring-cloud-function-grpc/3.2.5/spring-cloud-function-grpc-3.2.5.jar:/Users/ctzolov/.m2/repository/io/grpc/grpc-netty/1.16.1/grpc-netty-1.16.1.jar:/Users/ctzolov/.m2/repository/io/grpc/grpc-core/1.16.1/grpc-core-1.16.1.jar:/Users/ctzolov/.m2/repository/io/grpc/grpc-context/1.16.1/grpc-context-1.16.1.jar:/Users/ctzolov/.m2/repository/com/google/code/gson/gson/2.9.0/gson-2.9.0.jar:/Users/ctzolov/.m2/repository/com/google/errorprone/error_prone_annotations/2.2.0/error_prone_annotations-2.2.0.jar:/Users/ctzolov/.m2/repository/com/google/code/findbugs/jsr305/3.0.2/jsr305-3.0.2.jar:/Users/ctzolov/.m2/repository/org/codehaus/mojo/animal-sniffer-annotations/1.17/animal-sniffer-annotations-1.17.jar:/Users/ctzolov/.m2/repository/io/opencensus/opencensus-api/0.12.3/opencensus-api-0.12.3.jar:/Users/ctzolov/.m2/repository/io/opencensus/opencensus-contrib-grpc-metrics/0.12.3/opencensus-contrib-grpc-metrics-0.12.3.jar:/Users/ctzolov/.m2/repository/io/netty/netty-codec-http2/4.1.78.Final/netty-codec-http2-4.1.78.Final.jar:/Users/ctzolov/.m2/repository/io/netty/netty-common/4.1.78.Final/netty-common-4.1.78.Final.jar:/Users/ctzolov/.m2/repository/io/netty/netty-buffer/4.1.78.Final/netty-buffer-4.1.78.Final.jar:/Users/ctzolov/.m2/repository/io/netty/netty-transport/4.1.78.Final/netty-transport-4.1.78.Final.jar:/Users/ctzolov/.m2/repository/io/netty/netty-resolver/4.1.78.Final/netty-resolver-4.1.78.Final.jar:/Users/ctzolov/.m2/repository/io/netty/netty-codec/4.1.78.Final/netty-codec-4.1.78.Final.jar:/Users/ctzolov/.m2/repository/io/netty/netty-handler/4.1.78.Final/netty-handler-4.1.78.Final.jar:/Users/ctzolov/.m2/repository/io/netty/netty-transport-native-unix-common/4.1.78.Final/netty-transport-native-unix-common-4.1.78.Final.jar:/Users/ctzolov/.m2/repository/io/netty/netty-codec-http/4.1.78.Final/netty-codec-http-4.1.78.Final.jar:/Users/ctzolov/.m2/repository/io/netty/netty-handler-proxy/4.1.78.Final/netty-handler-proxy-4.1.78.Final.jar:/Users/ctzolov/.m2/repository/io/netty/netty-codec-socks/4.1.78.Final/netty-codec-socks-4.1.78.Final.jar:/Users/ctzolov/.m2/repository/io/grpc/grpc-protobuf/1.16.1/grpc-protobuf-1.16.1.jar:/Users/ctzolov/.m2/repository/com/google/guava/guava/26.0-android/guava-26.0-android.jar:/Users/ctzolov/.m2/repository/org/checkerframework/checker-compat-qual/2.5.2/checker-compat-qual-2.5.2.jar:/Users/ctzolov/.m2/repository/com/google/j2objc/j2objc-annotations/1.1/j2objc-annotations-1.1.jar:/Users/ctzolov/.m2/repository/com/google/api/grpc/proto-google-common-protos/1.0.0/proto-google-common-protos-1.0.0.jar:/Users/ctzolov/.m2/repository/io/grpc/grpc-protobuf-lite/1.16.1/grpc-protobuf-lite-1.16.1.jar:/Users/ctzolov/.m2/repository/io/grpc/grpc-services/1.16.1/grpc-services-1.16.1.jar:/Users/ctzolov/.m2/repository/com/google/protobuf/protobuf-java-util/3.5.1/protobuf-java-util-3.5.1.jar:/Users/ctzolov/.m2/repository/com/google/re2j/re2j/1.2/re2j-1.2.jar:/Users/ctzolov/.m2/repository/io/grpc/grpc-stub/1.16.1/grpc-stub-1.16.1.jar:/Users/ctzolov/.m2/repository/javax/annotation/javax.annotation-api/1.3.2/javax.annotation-api-1.3.2.jar:/Users/ctzolov/.m2/repository/org/springframework/boot/spring-boot-starter/2.7.1/spring-boot-starter-2.7.1.jar:/Users/ctzolov/.m2/repository/org/springframework/boot/spring-boot/2.7.1/spring-boot-2.7.1.jar:/Users/ctzolov/.m2/repository/org/springframework/spring-context/5.3.21/spring-context-5.3.21.jar:/Users/ctzolov/.m2/repository/org/springframework/spring-aop/5.3.21/spring-aop-5.3.21.jar:/Users/ctzolov/.m2/repository/org/springframework/spring-expression/5.3.21/spring-expression-5.3.21.jar:/Users/ctzolov/.m2/repository/org/springframework/boot/spring-boot-autoconfigure/2.7.1/spring-boot-autoconfigure-2.7.1.jar:/Users/ctzolov/.m2/repository/org/springframework/boot/spring-boot-starter-logging/2.7.1/spring-boot-starter-logging-2.7.1.jar:/Users/ctzolov/.m2/repository/ch/qos/logback/logback-classic/1.2.11/logback-classic-1.2.11.jar:/Users/ctzolov/.m2/repository/ch/qos/logback/logback-core/1.2.11/logback-core-1.2.11.jar:/Users/ctzolov/.m2/repository/org/apache/logging/log4j/log4j-to-slf4j/2.17.2/log4j-to-slf4j-2.17.2.jar:/Users/ctzolov/.m2/repository/org/apache/logging/log4j/log4j-api/2.17.2/log4j-api-2.17.2.jar:/Users/ctzolov/.m2/repository/org/slf4j/jul-to-slf4j/1.7.36/jul-to-slf4j-1.7.36.jar:/Users/ctzolov/.m2/repository/jakarta/annotation/jakarta.annotation-api/1.3.5/jakarta.annotation-api-1.3.5.jar:/Users/ctzolov/.m2/repository/org/springframework/spring-core/5.3.21/spring-core-5.3.21.jar:/Users/ctzolov/.m2/repository/org/springframework/spring-jcl/5.3.21/spring-jcl-5.3.21.jar:/Users/ctzolov/.m2/repository/org/yaml/snakeyaml/1.30/snakeyaml-1.30.jar:/Users/ctzolov/.m2/repository/org/springframework/cloud/spring-cloud-function-context/3.2.5/spring-cloud-function-context-3.2.5.jar:/Users/ctzolov/.m2/repository/net/jodah/typetools/0.6.2/typetools-0.6.2.jar:/Users/ctzolov/.m2/repository/org/springframework/cloud/spring-cloud-function-core/3.2.5/spring-cloud-function-core-3.2.5.jar:/Users/ctzolov/.m2/repository/io/projectreactor/reactor-core/3.4.19/reactor-core-3.4.19.jar:/Users/ctzolov/.m2/repository/org/reactivestreams/reactive-streams/1.0.4/reactive-streams-1.0.4.jar:/Users/ctzolov/.m2/repository/com/fasterxml/jackson/core/jackson-databind/2.13.3/jackson-databind-2.13.3.jar:/Users/ctzolov/.m2/repository/com/fasterxml/jackson/core/jackson-annotations/2.13.3/jackson-annotations-2.13.3.jar:/Users/ctzolov/.m2/repository/org/springframework/boot/spring-boot-starter-test/2.7.1/spring-boot-starter-test-2.7.1.jar:/Users/ctzolov/.m2/repository/org/springframework/boot/spring-boot-test/2.7.1/spring-boot-test-2.7.1.jar:/Users/ctzolov/.m2/repository/org/springframework/boot/spring-boot-test-autoconfigure/2.7.1/spring-boot-test-autoconfigure-2.7.1.jar:/Users/ctzolov/.m2/repository/com/jayway/jsonpath/json-path/2.7.0/json-path-2.7.0.jar:/Users/ctzolov/.m2/repository/net/minidev/json-smart/2.4.8/json-smart-2.4.8.jar:/Users/ctzolov/.m2/repository/net/minidev/accessors-smart/2.4.8/accessors-smart-2.4.8.jar:/Users/ctzolov/.m2/repository/org/ow2/asm/asm/9.1/asm-9.1.jar:/Users/ctzolov/.m2/repository/jakarta/xml/bind/jakarta.xml.bind-api/2.3.3/jakarta.xml.bind-api-2.3.3.jar:/Users/ctzolov/.m2/repository/jakarta/activation/jakarta.activation-api/1.2.2/jakarta.activation-api-1.2.2.jar:/Users/ctzolov/.m2/repository/org/assertj/assertj-core/3.22.0/assertj-core-3.22.0.jar:/Users/ctzolov/.m2/repository/org/hamcrest/hamcrest/2.2/hamcrest-2.2.jar:/Users/ctzolov/.m2/repository/org/junit/jupiter/junit-jupiter/5.8.2/junit-jupiter-5.8.2.jar:/Users/ctzolov/.m2/repository/org/junit/jupiter/junit-jupiter-api/5.8.2/junit-jupiter-api-5.8.2.jar:/Users/ctzolov/.m2/repository/org/opentest4j/opentest4j/1.2.0/opentest4j-1.2.0.jar:/Users/ctzolov/.m2/repository/org/junit/platform/junit-platform-commons/1.8.2/junit-platform-commons-1.8.2.jar:/Users/ctzolov/.m2/repository/org/apiguardian/apiguardian-api/1.1.2/apiguardian-api-1.1.2.jar:/Users/ctzolov/.m2/repository/org/junit/jupiter/junit-jupiter-params/5.8.2/junit-jupiter-params-5.8.2.jar:/Users/ctzolov/.m2/repository/org/junit/jupiter/junit-jupiter-engine/5.8.2/junit-jupiter-engine-5.8.2.jar:/Users/ctzolov/.m2/repository/org/junit/platform/junit-platform-engine/1.8.2/junit-platform-engine-1.8.2.jar:/Users/ctzolov/.m2/repository/org/mockito/mockito-core/4.5.1/mockito-core-4.5.1.jar:/Users/ctzolov/.m2/repository/net/bytebuddy/byte-buddy/1.12.11/byte-buddy-1.12.11.jar:/Users/ctzolov/.m2/repository/net/bytebuddy/byte-buddy-agent/1.12.11/byte-buddy-agent-1.12.11.jar:/Users/ctzolov/.m2/repository/org/objenesis/objenesis/3.2/objenesis-3.2.jar:/Users/ctzolov/.m2/repository/org/mockito/mockito-junit-jupiter/4.5.1/mockito-junit-jupiter-4.5.1.jar:/Users/ctzolov/.m2/repository/org/skyscreamer/jsonassert/1.5.0/jsonassert-1.5.0.jar:/Users/ctzolov/.m2/repository/com/vaadin/external/google/android-json/0.0.20131108.vaadin1/android-json-0.0.20131108.vaadin1.jar:/Users/ctzolov/.m2/repository/org/springframework/spring-test/5.3.21/spring-test-5.3.21.jar:/Users/ctzolov/.m2/repository/org/xmlunit/xmlunit-core/2.9.0/xmlunit-core-2.9.0.jar:"/>
    <property name="java.vm.vendor" value="Oracle Corporation"/>
    <property name="sun.arch.data.model" value="64"/>
    <property name="java.vendor.url" value="https://openjdk.java.net/"/>
    <property name="user.timezone" value=""/>
    <property name="java.vm.specification.version" value="11"/>
    <property name="os.name" value="Mac OS X"/>
    <property name="sun.java.launcher" value="SUN_STANDARD"/>
    <property name="user.country" value="NL"/>
    <property name="sun.boot.library.path" value="/Library/Java/JavaVirtualMachines/jdk-11.0.13.jdk/Contents/Home/lib"/>
    <property name="sun.java.command" value="/Users/ctzolov/Dev/projects/tanzu/streaming-runtimes/user-defined-functions/gaming-user-score/target/surefire/surefirebooter3027926902645255865.jar /Users/ctzolov/Dev/projects/tanzu/streaming-runtimes/user-defined-functions/gaming-user-score/target/surefire 2022-07-06T14-08-23_541-jvmRun1 surefire6201557903469852886tmp surefire_06399551144972633291tmp"/>
    <property name="http.nonProxyHosts" value="local|*.local|169.254/16|*.169.254/16"/>
    <property name="jdk.debug" value="release"/>
    <property name="surefire.test.class.path" value="/Users/ctzolov/Dev/projects/tanzu/streaming-runtimes/user-defined-functions/gaming-user-score/target/test-classes:/Users/ctzolov/Dev/projects/tanzu/streaming-runtimes/user-defined-functions/gaming-user-score/target/classes:/Users/ctzolov/.m2/repository/com/tanzu/streaming/runtime/processor/common/sr-common/0.0.1-SNAPSHOT/sr-common-0.0.1-SNAPSHOT.jar:/Users/ctzolov/.m2/repository/com/google/protobuf/protobuf-java/3.21.1/protobuf-java-3.21.1.jar:/Users/ctzolov/.m2/repository/org/apache/avro/avro/1.11.0/avro-1.11.0.jar:/Users/ctzolov/.m2/repository/com/fasterxml/jackson/core/jackson-core/2.13.3/jackson-core-2.13.3.jar:/Users/ctzolov/.m2/repository/org/apache/commons/commons-compress/1.21/commons-compress-1.21.jar:/Users/ctzolov/.m2/repository/org/slf4j/slf4j-api/1.7.36/slf4j-api-1.7.36.jar:/Users/ctzolov/.m2/repository/org/apache/kafka/kafka-clients/3.1.1/kafka-clients-3.1.1.jar:/Users/ctzolov/.m2/repository/com/github/luben/zstd-jni/1.5.0-4/zstd-jni-1.5.0-4.jar:/Users/ctzolov/.m2/repository/org/lz4/lz4-java/1.8.0/lz4-java-1.8.0.jar:/Users/ctzolov/.m2/repository/org/xerial/snappy/snappy-java/1.1.8.4/snappy-java-1.1.8.4.jar:/Users/ctzolov/.m2/repository/org/springframework/spring-messaging/5.3.21/spring-messaging-5.3.21.jar:/Users/ctzolov/.m2/repository/org/springframework/spring-beans/5.3.21/spring-beans-5.3.21.jar:/Users/ctzolov/.m2/repository/io/confluent/kafka-streams-avro-serde/5.3.2/kafka-streams-avro-serde-5.3.2.jar:/Users/ctzolov/.m2/repository/io/confluent/kafka-avro-serializer/5.3.2/kafka-avro-serializer-5.3.2.jar:/Users/ctzolov/.m2/repository/io/confluent/common-config/5.3.2/common-config-5.3.2.jar:/Users/ctzolov/.m2/repository/io/confluent/kafka-schema-registry-client/5.3.2/kafka-schema-registry-client-5.3.2.jar:/Users/ctzolov/.m2/repository/io/confluent/common-utils/5.3.2/common-utils-5.3.2.jar:/Users/ctzolov/.m2/repository/org/apache/zookeeper/zookeeper/3.4.14/zookeeper-3.4.14.jar:/Users/ctzolov/.m2/repository/com/github/spotbugs/spotbugs-annotations/3.1.9/spotbugs-annotations-3.1.9.jar:/Users/ctzolov/.m2/repository/jline/jline/0.9.94/jline-0.9.94.jar:/Users/ctzolov/.m2/repository/org/apache/yetus/audience-annotations/0.5.0/audience-annotations-0.5.0.jar:/Users/ctzolov/.m2/repository/io/netty/netty/3.10.6.Final/netty-3.10.6.Final.jar:/Users/ctzolov/.m2/repository/com/101tec/zkclient/0.10/zkclient-0.10.jar:/Users/ctzolov/.m2/repository/org/springframework/cloud/spring-cloud-function-grpc/3.2.5/spring-cloud-function-grpc-3.2.5.jar:/Users/ctzolov/.m2/repository/io/grpc/grpc-netty/1.16.1/grpc-netty-1.16.1.jar:/Users/ctzolov/.m2/repository/io/grpc/grpc-core/1.16.1/grpc-core-1.16.1.jar:/Users/ctzolov/.m2/repository/io/grpc/grpc-context/1.16.1/grpc-context-1.16.1.jar:/Users/ctzolov/.m2/repository/com/google/code/gson/gson/2.9.0/gson-2.9.0.jar:/Users/ctzolov/.m2/repository/com/google/errorprone/error_prone_annotations/2.2.0/error_prone_annotations-2.2.0.jar:/Users/ctzolov/.m2/repository/com/google/code/findbugs/jsr305/3.0.2/jsr305-3.0.2.jar:/Users/ctzolov/.m2/repository/org/codehaus/mojo/animal-sniffer-annotations/1.17/animal-sniffer-annotations-1.17.jar:/Users/ctzolov/.m2/repository/io/opencensus/opencensus-api/0.12.3/opencensus-api-0.12.3.jar:/Users/ctzolov/.m2/repository/io/opencensus/opencensus-contrib-grpc-metrics/0.12.3/opencensus-contrib-grpc-metrics-0.12.3.jar:/Users/ctzolov/.m2/repository/io/netty/netty-codec-http2/4.1.78.Final/netty-codec-http2-4.1.78.Final.jar:/Users/ctzolov/.m2/repository/io/netty/netty-common/4.1.78.Final/netty-common-4.1.78.Final.jar:/Users/ctzolov/.m2/repository/io/netty/netty-buffer/4.1.78.Final/netty-buffer-4.1.78.Final.jar:/Users/ctzolov/.m2/repository/io/netty/netty-transport/4.1.78.Final/netty-transport-4.1.78.Final.jar:/Users/ctzolov/.m2/repository/io/netty/netty-resolver/4.1.78.Final/netty-resolver-4.1.78.Final.jar:/Users/ctzolov/.m2/repository/io/netty/netty-codec/4.1.78.Final/netty-codec-4.1.78.Final.jar:/Users/ctzolov/.m2/repository/io/netty/netty-handler/4.1.78.Final/netty-handler-4.1.78.Final.jar:/Users/ctzolov/.m2/repository/io/netty/netty-transport-native-unix-common/4.1.78.Final/netty-transport-native-unix-common-4.1.78.Final.jar:/Users/ctzolov/.m2/repository/io/netty/netty-codec-http/4.1.78.Final/netty-codec-http-4.1.78.Final.jar:/Users/ctzolov/.m2/repository/io/netty/netty-handler-proxy/4.1.78.Final/netty-handler-proxy-4.1.78.Final.jar:/Users/ctzolov/.m2/repository/io/netty/netty-codec-socks/4.1.78.Final/netty-codec-socks-4.1.78.Final.jar:/Users/ctzolov/.m2/repository/io/grpc/grpc-protobuf/1.16.1/grpc-protobuf-1.16.1.jar:/Users/ctzolov/.m2/repository/com/google/guava/guava/26.0-android/guava-26.0-android.jar:/Users/ctzolov/.m2/repository/org/checkerframework/checker-compat-qual/2.5.2/checker-compat-qual-2.5.2.jar:/Users/ctzolov/.m2/repository/com/google/j2objc/j2objc-annotations/1.1/j2objc-annotations-1.1.jar:/Users/ctzolov/.m2/repository/com/google/api/grpc/proto-google-common-protos/1.0.0/proto-google-common-protos-1.0.0.jar:/Users/ctzolov/.m2/repository/io/grpc/grpc-protobuf-lite/1.16.1/grpc-protobuf-lite-1.16.1.jar:/Users/ctzolov/.m2/repository/io/grpc/grpc-services/1.16.1/grpc-services-1.16.1.jar:/Users/ctzolov/.m2/repository/com/google/protobuf/protobuf-java-util/3.5.1/protobuf-java-util-3.5.1.jar:/Users/ctzolov/.m2/repository/com/google/re2j/re2j/1.2/re2j-1.2.jar:/Users/ctzolov/.m2/repository/io/grpc/grpc-stub/1.16.1/grpc-stub-1.16.1.jar:/Users/ctzolov/.m2/repository/javax/annotation/javax.annotation-api/1.3.2/javax.annotation-api-1.3.2.jar:/Users/ctzolov/.m2/repository/org/springframework/boot/spring-boot-starter/2.7.1/spring-boot-starter-2.7.1.jar:/Users/ctzolov/.m2/repository/org/springframework/boot/spring-boot/2.7.1/spring-boot-2.7.1.jar:/Users/ctzolov/.m2/repository/org/springframework/spring-context/5.3.21/spring-context-5.3.21.jar:/Users/ctzolov/.m2/repository/org/springframework/spring-aop/5.3.21/spring-aop-5.3.21.jar:/Users/ctzolov/.m2/repository/org/springframework/spring-expression/5.3.21/spring-expression-5.3.21.jar:/Users/ctzolov/.m2/repository/org/springframework/boot/spring-boot-autoconfigure/2.7.1/spring-boot-autoconfigure-2.7.1.jar:/Users/ctzolov/.m2/repository/org/springframework/boot/spring-boot-starter-logging/2.7.1/spring-boot-starter-logging-2.7.1.jar:/Users/ctzolov/.m2/repository/ch/qos/logback/logback-classic/1.2.11/logback-classic-1.2.11.jar:/Users/ctzolov/.m2/repository/ch/qos/logback/logback-core/1.2.11/logback-core-1.2.11.jar:/Users/ctzolov/.m2/repository/org/apache/logging/log4j/log4j-to-slf4j/2.17.2/log4j-to-slf4j-2.17.2.jar:/Users/ctzolov/.m2/repository/org/apache/logging/log4j/log4j-api/2.17.2/log4j-api-2.17.2.jar:/Users/ctzolov/.m2/repository/org/slf4j/jul-to-slf4j/1.7.36/jul-to-slf4j-1.7.36.jar:/Users/ctzolov/.m2/repository/jakarta/annotation/jakarta.annotation-api/1.3.5/jakarta.annotation-api-1.3.5.jar:/Users/ctzolov/.m2/repository/org/springframework/spring-core/5.3.21/spring-core-5.3.21.jar:/Users/ctzolov/.m2/repository/org/springframework/spring-jcl/5.3.21/spring-jcl-5.3.21.jar:/Users/ctzolov/.m2/repository/org/yaml/snakeyaml/1.30/snakeyaml-1.30.jar:/Users/ctzolov/.m2/repository/org/springframework/cloud/spring-cloud-function-context/3.2.5/spring-cloud-function-context-3.2.5.jar:/Users/ctzolov/.m2/repository/net/jodah/typetools/0.6.2/typetools-0.6.2.jar:/Users/ctzolov/.m2/repository/org/springframework/cloud/spring-cloud-function-core/3.2.5/spring-cloud-function-core-3.2.5.jar:/Users/ctzolov/.m2/repository/io/projectreactor/reactor-core/3.4.19/reactor-core-3.4.19.jar:/Users/ctzolov/.m2/repository/org/reactivestreams/reactive-streams/1.0.4/reactive-streams-1.0.4.jar:/Users/ctzolov/.m2/repository/com/fasterxml/jackson/core/jackson-databind/2.13.3/jackson-databind-2.13.3.jar:/Users/ctzolov/.m2/repository/com/fasterxml/jackson/core/jackson-annotations/2.13.3/jackson-annotations-2.13.3.jar:/Users/ctzolov/.m2/repository/org/springframework/boot/spring-boot-starter-test/2.7.1/spring-boot-starter-test-2.7.1.jar:/Users/ctzolov/.m2/repository/org/springframework/boot/spring-boot-test/2.7.1/spring-boot-test-2.7.1.jar:/Users/ctzolov/.m2/repository/org/springframework/boot/spring-boot-test-autoconfigure/2.7.1/spring-boot-test-autoconfigure-2.7.1.jar:/Users/ctzolov/.m2/repository/com/jayway/jsonpath/json-path/2.7.0/json-path-2.7.0.jar:/Users/ctzolov/.m2/repository/net/minidev/json-smart/2.4.8/json-smart-2.4.8.jar:/Users/ctzolov/.m2/repository/net/minidev/accessors-smart/2.4.8/accessors-smart-2.4.8.jar:/Users/ctzolov/.m2/repository/org/ow2/asm/asm/9.1/asm-9.1.jar:/Users/ctzolov/.m2/repository/jakarta/xml/bind/jakarta.xml.bind-api/2.3.3/jakarta.xml.bind-api-2.3.3.jar:/Users/ctzolov/.m2/repository/jakarta/activation/jakarta.activation-api/1.2.2/jakarta.activation-api-1.2.2.jar:/Users/ctzolov/.m2/repository/org/assertj/assertj-core/3.22.0/assertj-core-3.22.0.jar:/Users/ctzolov/.m2/repository/org/hamcrest/hamcrest/2.2/hamcrest-2.2.jar:/Users/ctzolov/.m2/repository/org/junit/jupiter/junit-jupiter/5.8.2/junit-jupiter-5.8.2.jar:/Users/ctzolov/.m2/repository/org/junit/jupiter/junit-jupiter-api/5.8.2/junit-jupiter-api-5.8.2.jar:/Users/ctzolov/.m2/repository/org/opentest4j/opentest4j/1.2.0/opentest4j-1.2.0.jar:/Users/ctzolov/.m2/repository/org/junit/platform/junit-platform-commons/1.8.2/junit-platform-commons-1.8.2.jar:/Users/ctzolov/.m2/repository/org/apiguardian/apiguardian-api/1.1.2/apiguardian-api-1.1.2.jar:/Users/ctzolov/.m2/repository/org/junit/jupiter/junit-jupiter-params/5.8.2/junit-jupiter-params-5.8.2.jar:/Users/ctzolov/.m2/repository/org/junit/jupiter/junit-jupiter-engine/5.8.2/junit-jupiter-engine-5.8.2.jar:/Users/ctzolov/.m2/repository/org/junit/platform/junit-platform-engine/1.8.2/junit-platform-engine-1.8.2.jar:/Users/ctzolov/.m2/repository/org/mockito/mockito-core/4.5.1/mockito-core-4.5.1.jar:/Users/ctzolov/.m2/repository/net/bytebuddy/byte-buddy/1.12.11/byte-buddy-1.12.11.jar:/Users/ctzolov/.m2/repository/net/bytebuddy/byte-buddy-agent/1.12.11/byte-buddy-agent-1.12.11.jar:/Users/ctzolov/.m2/repository/org/objenesis/objenesis/3.2/objenesis-3.2.jar:/Users/ctzolov/.m2/repository/org/mockito/mockito-junit-jupiter/4.5.1/mockito-junit-jupiter-4.5.1.jar:/Users/ctzolov/.m2/repository/org/skyscreamer/jsonassert/1.5.0/jsonassert-1.5.0.jar:/Users/ctzolov/.m2/repository/com/vaadin/external/google/android-json/0.0.20131108.vaadin1/android-json-0.0.20131108.vaadin1.jar:/Users/ctzolov/.m2/repository/org/springframework/spring-test/5.3.21/spring-test-5.3.21.jar:/Users/ctzolov/.m2/repository/org/xmlunit/xmlunit-core/2.9.0/xmlunit-core-2.9.0.jar:"/>
    <property name="sun.cpu.endian" value="little"/>
    <property name="user.home" value="/Users/ctzolov"/>
    <property name="user.language" value="en"/>
    <property name="java.specification.vendor" value="Oracle Corporation"/>
    <property name="java.version.date" value="2021-10-19"/>
    <property name="java.home" value="/Library/Java/JavaVirtualMachines/jdk-11.0.13.jdk/Contents/Home"/>
    <property name="file.separator" value="/"/>
    <property name="basedir" value="/Users/ctzolov/Dev/projects/tanzu/streaming-runtimes/user-defined-functions/gaming-user-score"/>
    <property name="java.vm.compressedOopsMode" value="Zero based"/>
    <property name="line.separator" value="&#10;"/>
    <property name="java.specification.name" value="Java Platform API Specification"/>
    <property name="java.vm.specification.vendor" value="Oracle Corporation"/>
    <property name="java.awt.graphicsenv" value="sun.awt.CGraphicsEnvironment"/>
    <property name="surefire.real.class.path" value="/Users/ctzolov/Dev/projects/tanzu/streaming-runtimes/user-defined-functions/gaming-user-score/target/surefire/surefirebooter3027926902645255865.jar"/>
    <property name="sun.management.compiler" value="HotSpot 64-Bit Tiered Compilers"/>
    <property name="ftp.nonProxyHosts" value="local|*.local|169.254/16|*.169.254/16"/>
    <property name="java.runtime.version" value="11.0.13+10-LTS-370"/>
    <property name="user.name" value="ctzolov"/>
    <property name="path.separator" value=":"/>
    <property name="os.version" value="11.5"/>
    <property name="java.runtime.name" value="Java(TM) SE Runtime Environment"/>
    <property name="file.encoding" value="UTF-8"/>
    <property name="java.vm.name" value="Java HotSpot(TM) 64-Bit Server VM"/>
    <property name="java.vendor.version" value="18.9"/>
    <property name="localRepository" value="/Users/ctzolov/.m2/repository"/>
    <property name="java.vendor.url.bug" value="https://bugreport.java.com/bugreport/"/>
    <property name="java.io.tmpdir" value="/var/folders/nb/9rlwtypj5s36wwrzvfkqt4zr0000gp/T/"/>
    <property name="java.version" value="11.0.13"/>
    <property name="user.dir" value="/Users/ctzolov/Dev/projects/tanzu/streaming-runtimes/user-defined-functions/gaming-user-score"/>
    <property name="os.arch" value="x86_64"/>
    <property name="java.vm.specification.name" value="Java Virtual Machine Specification"/>
    <property name="java.awt.printerjob" value="sun.lwawt.macosx.CPrinterJob"/>
    <property name="sun.os.patch.level" value="unknown"/>
    <property name="java.library.path" value="/Users/ctzolov/Library/Java/Extensions:/Library/Java/Extensions:/Network/Library/Java/Extensions:/System/Library/Java/Extensions:/usr/lib/java:."/>
    <property name="java.vendor" value="Oracle Corporation"/>
    <property name="java.vm.info" value="mixed mode"/>
    <property name="java.vm.version" value="11.0.13+10-LTS-370"/>
    <property name="sun.io.unicode.encoding" value="UnicodeBig"/>
    <property name="java.class.version" value="55.0"/>
    <property name="socksNonProxyHosts" value="local|*.local|169.254/16|*.169.254/16"/>
  </properties>
  <testcase name="contextLoads" classname="com.tanzu.streaming.runtime.udf.gaming.user.score.GamingUserScoreApplicationTests" time="0.286"/>
</testsuite>